<?xml version="1.0" encoding="UTF-8"?>
<!-- Generated by org.testng.reporters.JUnitXMLReporter -->
<testsuite hostname="DESKTOP-E2FKL69" ignored="0" name="Test" tests="3" failures="1" timestamp="20 Apr 2019 23:00:15 GMT" time="104.34" errors="0">
  <testcase name="loginToAmazonDotInApp" time="13.54" classname="testcases.TC01_LoginToAmazonApplication"/>
  <testcase name="addProductToTheCartAndValidate" time="36.697" classname="testcases.TC02_AddProductToTheCart"/>
  <testcase name="loginToAmazonDotInApp" time="22.123" classname="testcases.TC03_DeleteItemFromCart">
    <failure type="java.lang.AssertionError" message="expected [LogOut] but found [Login]">
      <![CDATA[java.lang.AssertionError: expected [LogOut] but found [Login]
at testcases.TC03_DeleteItemFromCart.loginToAmazonDotInApp(TC03_DeleteItemFromCart.java:45)
... Removed 31 stack frames]]>
    </failure>
  </testcase> <!-- loginToAmazonDotInApp -->
</testsuite> <!-- Test -->
