<?xml version="1.0" encoding="UTF-8"?>
<!-- Generated by org.testng.reporters.JUnitXMLReporter -->
<testsuite hostname="DESKTOP-E2FKL69" ignored="2" name="SmokeTest" tests="2" failures="1" timestamp="30 Mar 2019 21:31:22 GMT" time="21.038" errors="0">
  <testcase name="loginToAmazonDotInApp" time="9.881" classname="testcases.TC01_LoginToAmazonApplication"/>
  <testcase name="addProductToTheCartAndValidate" time="0.005" classname="testcases.TC02_AddProductToTheCart">
    <failure type="java.lang.NullPointerException">
      <![CDATA[java.lang.NullPointerException
at java.util.Objects.requireNonNull(Unknown Source)
at org.openqa.selenium.interactions.Actions.<init>(Actions.java:65)
at testcases.TC02_AddProductToTheCart.addProductToTheCartAndValidate(TC02_AddProductToTheCart.java:14)
... Removed 25 stack frames]]>
    </failure>
  </testcase> <!-- addProductToTheCartAndValidate -->
  <testcase name="@BeforeTest initSetup" time="0.0" classname="testbase.TestBase">
    <ignored/>
  </testcase> <!-- @BeforeTest initSetup -->
  <testcase name="@AfterTest tearDown" time="0.0" classname="testbase.TestBase">
    <ignored/>
  </testcase> <!-- @AfterTest tearDown -->
</testsuite> <!-- SmokeTest -->
